<?xml version="1.0" encoding="UTF-8"?>
<testng-results skipped="0" failed="0" ignored="0" total="2" passed="2">
  <reporter-output>
  </reporter-output>
  <suite name="Suite" duration-ms="47588" started-at="2020-04-04T15:26:19 IST" finished-at="2020-04-04T15:27:07 IST">
    <groups>
    </groups>
    <test name="Test" duration-ms="47588" started-at="2020-04-04T15:26:19 IST" finished-at="2020-04-04T15:27:07 IST">
      <class name="framework.testcases.CreateLead">
        <test-method status="PASS" signature="getExcelName()[pri:0, instance:framework.testcases.CreateLead@aa12dd]" name="getExcelName" is-config="true" duration-ms="22" started-at="2020-04-04T15:26:19 IST" finished-at="2020-04-04T15:26:19 IST">
          <reporter-output>
          </reporter-output>
        </test-method> <!-- getExcelName -->
        <test-method status="PASS" signature="BeforeMeth(java.lang.String)[pri:0, instance:framework.testcases.CreateLead@aa12dd]" name="BeforeMeth" is-config="true" duration-ms="10251" started-at="2020-04-04T15:26:20 IST" finished-at="2020-04-04T15:26:30 IST">
          <params>
            <param index="0">
              <value>
                <![CDATA[http://leaftaps.com/opentaps/]]>
              </value>
            </param>
          </params>
          <reporter-output>
          </reporter-output>
        </test-method> <!-- BeforeMeth -->
        <test-method status="PASS" signature="executeCreateLead(java.lang.String, java.lang.String, java.lang.String, java.lang.String, java.lang.String)[pri:0, instance:framework.testcases.CreateLead@aa12dd]" name="executeCreateLead" duration-ms="13044" started-at="2020-04-04T15:26:30 IST" data-provider="getData" finished-at="2020-04-04T15:26:43 IST">
          <params>
            <param index="0">
              <value>
                <![CDATA[DemoCSR]]>
              </value>
            </param>
            <param index="1">
              <value>
                <![CDATA[crmsfa]]>
              </value>
            </param>
            <param index="2">
              <value>
                <![CDATA[TestLeaf]]>
              </value>
            </param>
            <param index="3">
              <value>
                <![CDATA[Sarath]]>
              </value>
            </param>
            <param index="4">
              <value>
                <![CDATA[Ms]]>
              </value>
            </param>
          </params>
          <reporter-output>
          </reporter-output>
        </test-method> <!-- executeCreateLead -->
        <test-method status="PASS" signature="AfterMeth()[pri:0, instance:framework.testcases.CreateLead@aa12dd]" name="AfterMeth" is-config="true" duration-ms="127" started-at="2020-04-04T15:26:43 IST" finished-at="2020-04-04T15:26:43 IST">
          <reporter-output>
          </reporter-output>
        </test-method> <!-- AfterMeth -->
        <test-method status="PASS" signature="BeforeMeth(java.lang.String)[pri:0, instance:framework.testcases.CreateLead@aa12dd]" name="BeforeMeth" is-config="true" duration-ms="7486" started-at="2020-04-04T15:26:43 IST" finished-at="2020-04-04T15:26:51 IST">
          <params>
            <param index="0">
              <value>
                <![CDATA[http://leaftaps.com/opentaps/]]>
              </value>
            </param>
          </params>
          <reporter-output>
          </reporter-output>
        </test-method> <!-- BeforeMeth -->
        <test-method status="PASS" signature="executeCreateLead(java.lang.String, java.lang.String, java.lang.String, java.lang.String, java.lang.String)[pri:0, instance:framework.testcases.CreateLead@aa12dd]" name="executeCreateLead" duration-ms="13419" started-at="2020-04-04T15:26:51 IST" data-provider="getData" finished-at="2020-04-04T15:27:04 IST">
          <params>
            <param index="0">
              <value>
                <![CDATA[DemoCSR]]>
              </value>
            </param>
            <param index="1">
              <value>
                <![CDATA[crmsfa]]>
              </value>
            </param>
            <param index="2">
              <value>
                <![CDATA[TestLeaf]]>
              </value>
            </param>
            <param index="3">
              <value>
                <![CDATA[Raju]]>
              </value>
            </param>
            <param index="4">
              <value>
                <![CDATA[ewrwe]]>
              </value>
            </param>
          </params>
          <reporter-output>
          </reporter-output>
        </test-method> <!-- executeCreateLead -->
        <test-method status="PASS" signature="AfterMeth()[pri:0, instance:framework.testcases.CreateLead@aa12dd]" name="AfterMeth" is-config="true" duration-ms="2351" started-at="2020-04-04T15:27:04 IST" finished-at="2020-04-04T15:27:07 IST">
          <reporter-output>
          </reporter-output>
        </test-method> <!-- AfterMeth -->
      </class> <!-- framework.testcases.CreateLead -->
    </test> <!-- Test -->
  </suite> <!-- Suite -->
</testng-results>
