<?xml version="1.0" encoding="UTF-8"?>
<!-- Generated by org.testng.reporters.JUnitXMLReporter -->
<testsuite hostname="Admin-PC" ignored="0" name="Test" tests="4" failures="0" timestamp="2020-04-04T15:36:25 IST" time="74.236" errors="0">
  <testcase name="executeCreateLead" time="16.043" classname="framework.testcases.CreateLead"/>
  <testcase name="executeCreateLead" time="17.155" classname="framework.testcases.Login"/>
  <testcase name="executeCreateLead" time="17.92" classname="framework.testcases.CreateLead"/>
  <testcase name="executeCreateLead" time="15.932" classname="framework.testcases.Login"/>
</testsuite> <!-- Test -->
