<?xml version="1.0" encoding="UTF-8"?>
<testng-results skipped="0" failed="0" ignored="0" total="2" passed="2">
  <reporter-output>
  </reporter-output>
  <suite name="Default suite" duration-ms="60168" started-at="2020-04-13T16:50:00 IST" finished-at="2020-04-13T16:51:01 IST">
    <groups>
      <group name="cucumber">
        <method signature="AbstractTestNGCucumberTests.runScenario(cucumber.api.testng.PickleEventWrapper, cucumber.api.testng.CucumberFeatureWrapper)[pri:0, instance:testcase.createLeadTestcase@16eabae]" name="runScenario" class="cucumber.api.testng.AbstractTestNGCucumberTests"/>
      </group> <!-- cucumber -->
    </groups>
    <test name="Default test" duration-ms="60168" started-at="2020-04-13T16:50:00 IST" finished-at="2020-04-13T16:51:01 IST">
      <class name="testcase.createLeadTestcase">
        <test-method status="PASS" signature="setUpClass()[pri:0, instance:testcase.createLeadTestcase@16eabae]" name="setUpClass" is-config="true" duration-ms="224" started-at="2020-04-13T16:50:00 IST" finished-at="2020-04-13T16:50:01 IST">
          <reporter-output>
          </reporter-output>
        </test-method> <!-- setUpClass -->
        <test-method status="PASS" signature="runScenario(cucumber.api.testng.PickleEventWrapper, cucumber.api.testng.CucumberFeatureWrapper)[pri:0, instance:testcase.createLeadTestcase@16eabae]" name="runScenario" duration-ms="39326" started-at="2020-04-13T16:50:01 IST" description="Runs Cucumber Scenarios" data-provider="scenarios" finished-at="2020-04-13T16:50:40 IST">
          <params>
            <param index="0">
              <value>
                <![CDATA["[TC01] Positive flow for create leads"]]>
              </value>
            </param>
            <param index="1">
              <value>
                <![CDATA["CreateLeads in leaftaps application [TET-2001]"]]>
              </value>
            </param>
          </params>
          <reporter-output>
          </reporter-output>
        </test-method> <!-- runScenario -->
        <test-method status="PASS" signature="runScenario(cucumber.api.testng.PickleEventWrapper, cucumber.api.testng.CucumberFeatureWrapper)[pri:0, instance:testcase.createLeadTestcase@16eabae]" name="runScenario" duration-ms="20465" started-at="2020-04-13T16:50:40 IST" description="Runs Cucumber Scenarios" data-provider="scenarios" finished-at="2020-04-13T16:51:01 IST">
          <params>
            <param index="0">
              <value>
                <![CDATA["[TC01] Positive flow for create leads"]]>
              </value>
            </param>
            <param index="1">
              <value>
                <![CDATA["CreateLeads in leaftaps application [TET-2001]"]]>
              </value>
            </param>
          </params>
          <reporter-output>
          </reporter-output>
        </test-method> <!-- runScenario -->
        <test-method status="PASS" signature="tearDownClass()[pri:0, instance:testcase.createLeadTestcase@16eabae]" name="tearDownClass" is-config="true" duration-ms="12" started-at="2020-04-13T16:51:01 IST" finished-at="2020-04-13T16:51:01 IST">
          <reporter-output>
          </reporter-output>
        </test-method> <!-- tearDownClass -->
      </class> <!-- testcase.createLeadTestcase -->
    </test> <!-- Default test -->
  </suite> <!-- Default suite -->
</testng-results>
